<?xml version="1.0" encoding="UTF-8"?>
<testng-results ignored="0" total="1" passed="1" failed="0" skipped="0">
  <reporter-output>
  </reporter-output>
  <suite started-at="2022-06-06T23:26:48 IST" name="Default suite" finished-at="2022-06-06T23:27:03 IST" duration-ms="15400">
    <groups>
    </groups>
    <test started-at="2022-06-06T23:26:48 IST" name="Default test" finished-at="2022-06-06T23:27:03 IST" duration-ms="15400">
      <class name="frames.Frames">
        <test-method signature="registration()[pri:0, instance:frames.Frames@5d7148e2]" started-at="2022-06-06T23:26:48 IST" name="registration" finished-at="2022-06-06T23:27:03 IST" duration-ms="15326" status="PASS">
          <reporter-output>
          </reporter-output>
        </test-method> <!-- registration -->
      </class> <!-- frames.Frames -->
    </test> <!-- Default test -->
  </suite> <!-- Default suite -->
</testng-results>
